<?xml version="1.0" encoding="UTF-8"?>
<testng-results retried="1" ignored="1" total="8" passed="4" failed="2" skipped="0">
  <reporter-output>
  </reporter-output>
  <suite started-at="2024-12-12T20:59:02 IST" name="Suite" finished-at="2024-12-12T20:59:28 IST" duration-ms="25642">
    <groups>
      <group name="Sanity">
        <method signature="SubmitOrderTest.submitOrder(java.lang.String,java.lang.String,java.lang.String,java.lang.String)[pri:0, instance:Twarita.e2e_Selenium_TestNG_Framework.tests.SubmitOrderTest@2a8448fa]" name="submitOrder" class="Twarita.e2e_Selenium_TestNG_Framework.tests.SubmitOrderTest"/>
        <method signature="SubmitOrderTest.verifyOrderPlaced(java.lang.String,java.lang.String,java.lang.String,java.lang.String)[pri:0, instance:Twarita.e2e_Selenium_TestNG_Framework.tests.SubmitOrderTest@2a8448fa]" name="verifyOrderPlaced" class="Twarita.e2e_Selenium_TestNG_Framework.tests.SubmitOrderTest"/>
      </group> <!-- Sanity -->
    </groups>
    <test started-at="2024-12-12T20:59:02 IST" name="Error Validations Test" finished-at="2024-12-12T20:59:12 IST" duration-ms="9964">
      <class name="Twarita.e2e_Selenium_TestNG_Framework.tests.ErrorValidationTests">
        <test-method is-config="true" signature="openUrl(org.testng.ITestContext)[pri:0, instance:Twarita.e2e_Selenium_TestNG_Framework.tests.ErrorValidationTests@f58853c]" started-at="2024-12-12T20:59:02 IST" name="openUrl" finished-at="2024-12-12T20:59:07 IST" duration-ms="4630" status="PASS">
          <params>
            <param index="0">
              <value>
                <![CDATA[org.testng.TestRunner@7b50df34]]>
              </value>
            </param>
          </params>
          <reporter-output>
          </reporter-output>
        </test-method> <!-- openUrl -->
        <test-method signature="loginErrorValidation()[pri:0, instance:Twarita.e2e_Selenium_TestNG_Framework.tests.ErrorValidationTests@f58853c]" started-at="2024-12-12T20:59:07 IST" name="loginErrorValidation" finished-at="2024-12-12T20:59:08 IST" duration-ms="846" status="PASS">
          <reporter-output>
          </reporter-output>
        </test-method> <!-- loginErrorValidation -->
        <test-method is-config="true" signature="tearDown()[pri:0, instance:Twarita.e2e_Selenium_TestNG_Framework.tests.ErrorValidationTests@f58853c]" started-at="2024-12-12T20:59:08 IST" name="tearDown" finished-at="2024-12-12T20:59:08 IST" duration-ms="156" status="PASS">
          <reporter-output>
          </reporter-output>
        </test-method> <!-- tearDown -->
        <test-method is-config="true" signature="openUrl(org.testng.ITestContext)[pri:0, instance:Twarita.e2e_Selenium_TestNG_Framework.tests.ErrorValidationTests@f58853c]" started-at="2024-12-12T20:59:08 IST" name="openUrl" finished-at="2024-12-12T20:59:12 IST" duration-ms="3559" status="PASS">
          <params>
            <param index="0">
              <value>
                <![CDATA[org.testng.TestRunner@7b50df34]]>
              </value>
            </param>
          </params>
          <reporter-output>
          </reporter-output>
        </test-method> <!-- openUrl -->
        <test-method signature="submitOrderFailure()[pri:0, instance:Twarita.e2e_Selenium_TestNG_Framework.tests.ErrorValidationTests@f58853c]" started-at="2024-12-12T20:59:12 IST" name="submitOrderFailure" finished-at="2024-12-12T20:59:12 IST" duration-ms="562" status="PASS">
          <reporter-output>
          </reporter-output>
        </test-method> <!-- submitOrderFailure -->
        <test-method is-config="true" signature="tearDown()[pri:0, instance:Twarita.e2e_Selenium_TestNG_Framework.tests.ErrorValidationTests@f58853c]" started-at="2024-12-12T20:59:12 IST" name="tearDown" finished-at="2024-12-12T20:59:12 IST" duration-ms="167" status="PASS">
          <reporter-output>
          </reporter-output>
        </test-method> <!-- tearDown -->
      </class> <!-- Twarita.e2e_Selenium_TestNG_Framework.tests.ErrorValidationTests -->
    </test> <!-- Error Validations Test -->
    <test started-at="2024-12-12T20:59:02 IST" name="Submit Order Test" finished-at="2024-12-12T20:59:28 IST" duration-ms="25642">
      <class name="Twarita.e2e_Selenium_TestNG_Framework.tests.SubmitOrderTest">
        <test-method is-config="true" signature="openUrl(org.testng.ITestContext)[pri:0, instance:Twarita.e2e_Selenium_TestNG_Framework.tests.SubmitOrderTest@2a8448fa]" started-at="2024-12-12T20:59:02 IST" name="openUrl" finished-at="2024-12-12T20:59:07 IST" duration-ms="4827" status="PASS">
          <params>
            <param index="0">
              <value>
                <![CDATA[org.testng.TestRunner@51bd8b5c]]>
              </value>
            </param>
          </params>
          <reporter-output>
          </reporter-output>
        </test-method> <!-- openUrl -->
        <test-method signature="submitOrder(java.lang.String,java.lang.String,java.lang.String,java.lang.String)[pri:0, instance:Twarita.e2e_Selenium_TestNG_Framework.tests.SubmitOrderTest@2a8448fa]" started-at="2024-12-12T20:59:07 IST" name="submitOrder" data-provider="getData" finished-at="2024-12-12T20:59:16 IST" duration-ms="8289" status="PASS">
          <params>
            <param index="0">
              <value>
                <![CDATA[testT@mail.com]]>
              </value>
            </param>
            <param index="1">
              <value>
                <![CDATA[Password1!]]>
              </value>
            </param>
            <param index="2">
              <value>
                <![CDATA[Zara Coat]]>
              </value>
            </param>
            <param index="3">
              <value>
                <![CDATA[India]]>
              </value>
            </param>
          </params>
          <reporter-output>
          </reporter-output>
        </test-method> <!-- submitOrder -->
        <test-method is-config="true" signature="tearDown()[pri:0, instance:Twarita.e2e_Selenium_TestNG_Framework.tests.SubmitOrderTest@2a8448fa]" started-at="2024-12-12T20:59:16 IST" name="tearDown" finished-at="2024-12-12T20:59:16 IST" duration-ms="193" status="PASS">
          <reporter-output>
          </reporter-output>
        </test-method> <!-- tearDown -->
        <test-method is-config="true" signature="openUrl(org.testng.ITestContext)[pri:0, instance:Twarita.e2e_Selenium_TestNG_Framework.tests.SubmitOrderTest@2a8448fa]" started-at="2024-12-12T20:59:16 IST" name="openUrl" finished-at="2024-12-12T20:59:17 IST" duration-ms="1611" status="PASS">
          <params>
            <param index="0">
              <value>
                <![CDATA[org.testng.TestRunner@51bd8b5c]]>
              </value>
            </param>
          </params>
          <reporter-output>
          </reporter-output>
        </test-method> <!-- openUrl -->
        <test-method retried="true" signature="submitOrder(java.lang.String,java.lang.String,java.lang.String,java.lang.String)[pri:0, instance:Twarita.e2e_Selenium_TestNG_Framework.tests.SubmitOrderTest@2a8448fa]" started-at="2024-12-12T20:59:17 IST" name="submitOrder" data-provider="getData" finished-at="2024-12-12T20:59:18 IST" duration-ms="561" status="SKIP">
          <params>
            <param index="0">
              <value>
                <![CDATA[testTC@mail.com]]>
              </value>
            </param>
            <param index="1">
              <value>
                <![CDATA[Password1!]]>
              </value>
            </param>
            <param index="2">
              <value>
                <![CDATA[Addas]]>
              </value>
            </param>
            <param index="3">
              <value>
                <![CDATA[Australia]]>
              </value>
            </param>
          </params>
          <exception class="java.lang.NullPointerException">
            <message>
              <![CDATA[Cannot invoke "org.openqa.selenium.WebElement.findElement(org.openqa.selenium.By)" because the return value of "Twarita.e2e_Selenium_TestNG_Framework.pageObjects.ProductCatalogue.getProduct(String)" is null]]>
            </message>
            <full-stacktrace>
              <![CDATA[java.lang.NullPointerException: Cannot invoke "org.openqa.selenium.WebElement.findElement(org.openqa.selenium.By)" because the return value of "Twarita.e2e_Selenium_TestNG_Framework.pageObjects.ProductCatalogue.getProduct(String)" is null
at Twarita.e2e_Selenium_TestNG_Framework.pageObjects.ProductCatalogue.addProductToCart(ProductCatalogue.java:36)
at Twarita.e2e_Selenium_TestNG_Framework.tests.SubmitOrderTest.submitOrder(SubmitOrderTest.java:33)
at java.base/jdk.internal.reflect.NativeMethodAccessorImpl.invoke0(Native Method)
at java.base/jdk.internal.reflect.NativeMethodAccessorImpl.invoke(NativeMethodAccessorImpl.java:77)
at java.base/jdk.internal.reflect.DelegatingMethodAccessorImpl.invoke(DelegatingMethodAccessorImpl.java:43)
at java.base/java.lang.reflect.Method.invoke(Method.java:568)
at org.testng.internal.invokers.MethodInvocationHelper.invokeMethod(MethodInvocationHelper.java:141)
at org.testng.internal.invokers.TestInvoker.invokeMethod(TestInvoker.java:686)
at org.testng.internal.invokers.TestInvoker.invokeTestMethod(TestInvoker.java:230)
at org.testng.internal.invokers.MethodRunner.runInSequence(MethodRunner.java:63)
at org.testng.internal.invokers.TestInvoker$MethodInvocationAgent.invoke(TestInvoker.java:992)
at org.testng.internal.invokers.TestInvoker.invokeTestMethods(TestInvoker.java:203)
at org.testng.internal.invokers.TestMethodWorker.invokeTestMethods(TestMethodWorker.java:154)
at org.testng.internal.invokers.TestMethodWorker.run(TestMethodWorker.java:134)
at java.base/java.util.ArrayList.forEach(ArrayList.java:1511)
at org.testng.TestRunner.privateRun(TestRunner.java:739)
at org.testng.TestRunner.run(TestRunner.java:614)
at org.testng.SuiteRunner.runTest(SuiteRunner.java:421)
at org.testng.SuiteRunner$SuiteWorker.run(SuiteRunner.java:463)
at org.testng.internal.thread.ThreadUtil.lambda$execute$0(ThreadUtil.java:64)
at java.base/java.util.concurrent.FutureTask.run(FutureTask.java:264)
at java.base/java.util.concurrent.ThreadPoolExecutor.runWorker(ThreadPoolExecutor.java:1136)
at java.base/java.util.concurrent.ThreadPoolExecutor$Worker.run(ThreadPoolExecutor.java:635)
at java.base/java.lang.Thread.run(Thread.java:842)
]]>
            </full-stacktrace>
          </exception> <!-- java.lang.NullPointerException -->
          <reporter-output>
          </reporter-output>
        </test-method> <!-- submitOrder -->
        <test-method is-config="true" signature="tearDown()[pri:0, instance:Twarita.e2e_Selenium_TestNG_Framework.tests.SubmitOrderTest@2a8448fa]" started-at="2024-12-12T20:59:18 IST" name="tearDown" finished-at="2024-12-12T20:59:18 IST" duration-ms="160" status="PASS">
          <reporter-output>
          </reporter-output>
        </test-method> <!-- tearDown -->
        <test-method is-config="true" signature="openUrl(org.testng.ITestContext)[pri:0, instance:Twarita.e2e_Selenium_TestNG_Framework.tests.SubmitOrderTest@2a8448fa]" started-at="2024-12-12T20:59:18 IST" name="openUrl" finished-at="2024-12-12T20:59:22 IST" duration-ms="3764" status="PASS">
          <params>
            <param index="0">
              <value>
                <![CDATA[org.testng.TestRunner@51bd8b5c]]>
              </value>
            </param>
          </params>
          <reporter-output>
          </reporter-output>
        </test-method> <!-- openUrl -->
        <test-method signature="submitOrder(java.lang.String,java.lang.String,java.lang.String,java.lang.String)[pri:0, instance:Twarita.e2e_Selenium_TestNG_Framework.tests.SubmitOrderTest@2a8448fa]" started-at="2024-12-12T20:59:22 IST" name="submitOrder" data-provider="getData" finished-at="2024-12-12T20:59:23 IST" duration-ms="574" status="FAIL">
          <params>
            <param index="0">
              <value>
                <![CDATA[testTC@mail.com]]>
              </value>
            </param>
            <param index="1">
              <value>
                <![CDATA[Password1!]]>
              </value>
            </param>
            <param index="2">
              <value>
                <![CDATA[Addas]]>
              </value>
            </param>
            <param index="3">
              <value>
                <![CDATA[Australia]]>
              </value>
            </param>
          </params>
          <exception class="java.lang.NullPointerException">
            <message>
              <![CDATA[Cannot invoke "org.openqa.selenium.WebElement.findElement(org.openqa.selenium.By)" because the return value of "Twarita.e2e_Selenium_TestNG_Framework.pageObjects.ProductCatalogue.getProduct(String)" is null]]>
            </message>
            <full-stacktrace>
              <![CDATA[java.lang.NullPointerException: Cannot invoke "org.openqa.selenium.WebElement.findElement(org.openqa.selenium.By)" because the return value of "Twarita.e2e_Selenium_TestNG_Framework.pageObjects.ProductCatalogue.getProduct(String)" is null
at Twarita.e2e_Selenium_TestNG_Framework.pageObjects.ProductCatalogue.addProductToCart(ProductCatalogue.java:36)
at Twarita.e2e_Selenium_TestNG_Framework.tests.SubmitOrderTest.submitOrder(SubmitOrderTest.java:33)
at java.base/jdk.internal.reflect.NativeMethodAccessorImpl.invoke0(Native Method)
at java.base/jdk.internal.reflect.NativeMethodAccessorImpl.invoke(NativeMethodAccessorImpl.java:77)
at java.base/jdk.internal.reflect.DelegatingMethodAccessorImpl.invoke(DelegatingMethodAccessorImpl.java:43)
at java.base/java.lang.reflect.Method.invoke(Method.java:568)
at org.testng.internal.invokers.MethodInvocationHelper.invokeMethod(MethodInvocationHelper.java:141)
at org.testng.internal.invokers.TestInvoker.invokeMethod(TestInvoker.java:686)
at org.testng.internal.invokers.TestInvoker.retryFailed(TestInvoker.java:269)
at org.testng.internal.invokers.MethodRunner.runInSequence(MethodRunner.java:76)
at org.testng.internal.invokers.TestInvoker$MethodInvocationAgent.invoke(TestInvoker.java:992)
at org.testng.internal.invokers.TestInvoker.invokeTestMethods(TestInvoker.java:203)
at org.testng.internal.invokers.TestMethodWorker.invokeTestMethods(TestMethodWorker.java:154)
at org.testng.internal.invokers.TestMethodWorker.run(TestMethodWorker.java:134)
at java.base/java.util.ArrayList.forEach(ArrayList.java:1511)
at org.testng.TestRunner.privateRun(TestRunner.java:739)
at org.testng.TestRunner.run(TestRunner.java:614)
at org.testng.SuiteRunner.runTest(SuiteRunner.java:421)
at org.testng.SuiteRunner$SuiteWorker.run(SuiteRunner.java:463)
at org.testng.internal.thread.ThreadUtil.lambda$execute$0(ThreadUtil.java:64)
at java.base/java.util.concurrent.FutureTask.run(FutureTask.java:264)
at java.base/java.util.concurrent.ThreadPoolExecutor.runWorker(ThreadPoolExecutor.java:1136)
at java.base/java.util.concurrent.ThreadPoolExecutor$Worker.run(ThreadPoolExecutor.java:635)
at java.base/java.lang.Thread.run(Thread.java:842)
]]>
            </full-stacktrace>
          </exception> <!-- java.lang.NullPointerException -->
          <reporter-output>
          </reporter-output>
        </test-method> <!-- submitOrder -->
        <test-method is-config="true" signature="tearDown()[pri:0, instance:Twarita.e2e_Selenium_TestNG_Framework.tests.SubmitOrderTest@2a8448fa]" started-at="2024-12-12T20:59:23 IST" name="tearDown" finished-at="2024-12-12T20:59:23 IST" duration-ms="169" status="PASS">
          <reporter-output>
          </reporter-output>
        </test-method> <!-- tearDown -->
        <test-method is-config="true" signature="openUrl(org.testng.ITestContext)[pri:0, instance:Twarita.e2e_Selenium_TestNG_Framework.tests.SubmitOrderTest@2a8448fa]" started-at="2024-12-12T20:59:23 IST" name="openUrl" finished-at="2024-12-12T20:59:25 IST" duration-ms="1672" status="PASS">
          <params>
            <param index="0">
              <value>
                <![CDATA[org.testng.TestRunner@51bd8b5c]]>
              </value>
            </param>
          </params>
          <reporter-output>
          </reporter-output>
        </test-method> <!-- openUrl -->
        <test-method signature="verifyOrderPlaced(java.lang.String,java.lang.String,java.lang.String,java.lang.String)[pri:0, instance:Twarita.e2e_Selenium_TestNG_Framework.tests.SubmitOrderTest@2a8448fa]" started-at="2024-12-12T20:59:25 IST" name="verifyOrderPlaced" data-provider="getData" finished-at="2024-12-12T20:59:25 IST" depends-on-methods="Twarita.e2e_Selenium_TestNG_Framework.tests.SubmitOrderTest.submitOrder" duration-ms="573" status="PASS">
          <params>
            <param index="0">
              <value>
                <![CDATA[testT@mail.com]]>
              </value>
            </param>
            <param index="1">
              <value>
                <![CDATA[Password1!]]>
              </value>
            </param>
            <param index="2">
              <value>
                <![CDATA[Zara Coat]]>
              </value>
            </param>
            <param index="3">
              <value>
                <![CDATA[India]]>
              </value>
            </param>
          </params>
          <reporter-output>
          </reporter-output>
        </test-method> <!-- verifyOrderPlaced -->
        <test-method is-config="true" signature="tearDown()[pri:0, instance:Twarita.e2e_Selenium_TestNG_Framework.tests.SubmitOrderTest@2a8448fa]" started-at="2024-12-12T20:59:25 IST" name="tearDown" finished-at="2024-12-12T20:59:25 IST" duration-ms="155" status="PASS">
          <reporter-output>
          </reporter-output>
        </test-method> <!-- tearDown -->
        <test-method is-config="true" signature="openUrl(org.testng.ITestContext)[pri:0, instance:Twarita.e2e_Selenium_TestNG_Framework.tests.SubmitOrderTest@2a8448fa]" started-at="2024-12-12T20:59:25 IST" name="openUrl" finished-at="2024-12-12T20:59:27 IST" duration-ms="1677" status="PASS">
          <params>
            <param index="0">
              <value>
                <![CDATA[org.testng.TestRunner@51bd8b5c]]>
              </value>
            </param>
          </params>
          <reporter-output>
          </reporter-output>
        </test-method> <!-- openUrl -->
        <test-method signature="verifyOrderPlaced(java.lang.String,java.lang.String,java.lang.String,java.lang.String)[pri:0, instance:Twarita.e2e_Selenium_TestNG_Framework.tests.SubmitOrderTest@2a8448fa]" started-at="2024-12-12T20:59:27 IST" name="verifyOrderPlaced" data-provider="getData" finished-at="2024-12-12T20:59:28 IST" depends-on-methods="Twarita.e2e_Selenium_TestNG_Framework.tests.SubmitOrderTest.submitOrder" duration-ms="786" status="FAIL">
          <params>
            <param index="0">
              <value>
                <![CDATA[testTC@mail.com]]>
              </value>
            </param>
            <param index="1">
              <value>
                <![CDATA[Password1!]]>
              </value>
            </param>
            <param index="2">
              <value>
                <![CDATA[Addas]]>
              </value>
            </param>
            <param index="3">
              <value>
                <![CDATA[Australia]]>
              </value>
            </param>
          </params>
          <exception class="java.lang.AssertionError">
            <message>
              <![CDATA[expected [true] but found [false]]]>
            </message>
            <full-stacktrace>
              <![CDATA[java.lang.AssertionError: expected [true] but found [false]
at org.testng.Assert.fail(Assert.java:111)
at org.testng.Assert.failNotEquals(Assert.java:1578)
at org.testng.Assert.assertTrue(Assert.java:57)
at org.testng.Assert.assertTrue(Assert.java:67)
at Twarita.e2e_Selenium_TestNG_Framework.tests.SubmitOrderTest.verifyOrderPlaced(SubmitOrderTest.java:55)
at java.base/jdk.internal.reflect.NativeMethodAccessorImpl.invoke0(Native Method)
at java.base/jdk.internal.reflect.NativeMethodAccessorImpl.invoke(NativeMethodAccessorImpl.java:77)
at java.base/jdk.internal.reflect.DelegatingMethodAccessorImpl.invoke(DelegatingMethodAccessorImpl.java:43)
at java.base/java.lang.reflect.Method.invoke(Method.java:568)
at org.testng.internal.invokers.MethodInvocationHelper.invokeMethod(MethodInvocationHelper.java:141)
at org.testng.internal.invokers.TestInvoker.invokeMethod(TestInvoker.java:686)
at org.testng.internal.invokers.TestInvoker.invokeTestMethod(TestInvoker.java:230)
at org.testng.internal.invokers.MethodRunner.runInSequence(MethodRunner.java:63)
at org.testng.internal.invokers.TestInvoker$MethodInvocationAgent.invoke(TestInvoker.java:992)
at org.testng.internal.invokers.TestInvoker.invokeTestMethods(TestInvoker.java:203)
at org.testng.internal.invokers.TestMethodWorker.invokeTestMethods(TestMethodWorker.java:154)
at org.testng.internal.invokers.TestMethodWorker.run(TestMethodWorker.java:134)
at java.base/java.util.ArrayList.forEach(ArrayList.java:1511)
at org.testng.TestRunner.privateRun(TestRunner.java:739)
at org.testng.TestRunner.run(TestRunner.java:614)
at org.testng.SuiteRunner.runTest(SuiteRunner.java:421)
at org.testng.SuiteRunner$SuiteWorker.run(SuiteRunner.java:463)
at org.testng.internal.thread.ThreadUtil.lambda$execute$0(ThreadUtil.java:64)
at java.base/java.util.concurrent.FutureTask.run(FutureTask.java:264)
at java.base/java.util.concurrent.ThreadPoolExecutor.runWorker(ThreadPoolExecutor.java:1136)
at java.base/java.util.concurrent.ThreadPoolExecutor$Worker.run(ThreadPoolExecutor.java:635)
at java.base/java.lang.Thread.run(Thread.java:842)
]]>
            </full-stacktrace>
          </exception> <!-- java.lang.AssertionError -->
          <reporter-output>
          </reporter-output>
        </test-method> <!-- verifyOrderPlaced -->
        <test-method is-config="true" signature="tearDown()[pri:0, instance:Twarita.e2e_Selenium_TestNG_Framework.tests.SubmitOrderTest@2a8448fa]" started-at="2024-12-12T20:59:28 IST" name="tearDown" finished-at="2024-12-12T20:59:28 IST" duration-ms="158" status="PASS">
          <reporter-output>
          </reporter-output>
        </test-method> <!-- tearDown -->
      </class> <!-- Twarita.e2e_Selenium_TestNG_Framework.tests.SubmitOrderTest -->
    </test> <!-- Submit Order Test -->
  </suite> <!-- Suite -->
</testng-results>
