<!DOCTYPE html PUBLIC "-//W3C//DTD XHTML 1.1//EN" "https://www.w3.org/TR/xhtml11/DTD/xhtml11.dtd">
<html xmlns="https://www.w3.org/1999/xhtml">
<head>
<meta http-equiv="content-type" content="text/html; charset=UTF-8"/>
<title>TestNG Report</title>
<style type="text/css">table {margin-bottom:10px;border-collapse:collapse;empty-cells:show}th,td {border:1px solid #009;padding:.25em .5em}th {vertical-align:bottom}td {vertical-align:top}table a {font-weight:bold}.stripe td {background-color: #E6EBF9}.num {text-align:right}.passedodd td {background-color: #3F3}.passedeven td {background-color: #0A0}.skippedodd td {background-color: #DDD}.skippedeven td {background-color: #CCC}.failedodd td,.attn {background-color: #F33}.failedeven td,.stripe .attn {background-color: #D00}.stacktrace {white-space:pre;font-family:monospace}.totop {font-size:85%;text-align:center;border-bottom:2px solid #000}.invisible {display:none}</style>
</head>
<body>
<table>
<tr><th>Test</th><th># Passed</th><th># Skipped</th><th># Retried</th><th># Failed</th><th>Time (ms)</th><th>Included Groups</th><th>Excluded Groups</th></tr>
<tr><th colspan="8">Suite</th></tr>
<tr><td><a href="#t0">Error Validations Test</a></td><td class="num">2</td><td class="num">0</td><td class="num">0</td><td class="num">0</td><td class="num">9,724</td><td></td><td></td></tr>
<tr class="stripe"><td><a href="#t1">Submit Order Test</a></td><td class="num">2</td><td class="num">0</td><td class="num attn">1</td><td class="num attn">2</td><td class="num">29,658</td><td></td><td></td></tr>
<tr><th>Total</th><th class="num">4</th><th class="num">0</th><th class="num attn">1</th><th class="num attn">2</th><th class="num">39,382</th><th colspan="2"></th></tr>
</table>
<table id='summary'><thead><tr><th>Class</th><th>Method</th><th>Start</th><th>Time (ms)</th></tr></thead><tbody><tr><th colspan="4">Suite</th></tr></tbody><tbody id="t0"><tr><th colspan="4">Error Validations Test &#8212; passed</th></tr><tr class="passedeven"><td rowspan="2">Twarita.e2e_Selenium_TestNG_Framework.tests.ErrorValidationTests</td><td><a href="#m0">loginErrorValidation</a></td><td rowspan="1">1734015938649</td><td rowspan="1">369</td></tr><tr class="passedeven"><td><a href="#m1">submitOrderFailure</a></td><td rowspan="1">1734015942920</td><td rowspan="1">561</td></tr></tbody>
<tbody id="t1"><tr><th colspan="4">Submit Order Test &#8212; failed</th></tr><tr class="failedeven"><td rowspan="2">Twarita.e2e_Selenium_TestNG_Framework.tests.SubmitOrderTest</td><td><a href="#m2">submitOrder</a></td><td rowspan="1">1734015954699</td><td rowspan="1">538</td></tr><tr class="failedeven"><td><a href="#m3">verifyOrderPlaced</a></td><td rowspan="1">1734015962371</td><td rowspan="1">812</td></tr><tr><th colspan="4">Submit Order Test &#8212; retried</th></tr><tr class="retriedeven"><td rowspan="1">Twarita.e2e_Selenium_TestNG_Framework.tests.SubmitOrderTest</td><td><a href="#m4">submitOrder</a></td><td rowspan="1">1734015949628</td><td rowspan="1">514</td></tr><tr><th colspan="4">Submit Order Test &#8212; passed</th></tr><tr class="passedeven"><td rowspan="2">Twarita.e2e_Selenium_TestNG_Framework.tests.SubmitOrderTest</td><td><a href="#m5">submitOrder</a></td><td rowspan="1">1734015938556</td><td rowspan="1">8287</td></tr><tr class="passedeven"><td><a href="#m6">verifyOrderPlaced</a></td><td rowspan="1">1734015958589</td><td rowspan="1">492</td></tr></tbody>
</table>
<h2>Error Validations Test</h2><h3 id="m0">Twarita.e2e_Selenium_TestNG_Framework.tests.ErrorValidationTests#loginErrorValidation</h3><table class="result"><tr><th class="invisible"/></tr></table><p class="totop"><a href="#summary">back to summary</a></p>
<h3 id="m1">Twarita.e2e_Selenium_TestNG_Framework.tests.ErrorValidationTests#submitOrderFailure</h3><table class="result"><tr><th class="invisible"/></tr></table><p class="totop"><a href="#summary">back to summary</a></p>
<h2>Submit Order Test</h2><h3 id="m2">Twarita.e2e_Selenium_TestNG_Framework.tests.SubmitOrderTest#submitOrder</h3><table class="result"><tr class="param"><th>Parameter #1</th><th>Parameter #2</th><th>Parameter #3</th><th>Parameter #4</th></tr><tr class="param stripe"><td>testTC@mail.com</td><td>Password1!</td><td>Addas</td><td>Australia</td></tr><tr><th colspan="4">Exception</th></tr><tr><td colspan="4"><div class="stacktrace">java.lang.NullPointerException: Cannot invoke &quot;org.openqa.selenium.WebElement.findElement(org.openqa.selenium.By)&quot; because the return value of &quot;Twarita.e2e_Selenium_TestNG_Framework.pageObjects.ProductCatalogue.getProduct(String)&quot; is null
	at Twarita.e2e_Selenium_TestNG_Framework.pageObjects.ProductCatalogue.addProductToCart(ProductCatalogue.java:36)
	at Twarita.e2e_Selenium_TestNG_Framework.tests.SubmitOrderTest.submitOrder(SubmitOrderTest.java:33)
	at java.base/java.util.ArrayList.forEach(ArrayList.java:1511)
	at java.base/java.util.concurrent.FutureTask.run(FutureTask.java:264)
	at java.base/java.util.concurrent.ThreadPoolExecutor.runWorker(ThreadPoolExecutor.java:1136)
	at java.base/java.util.concurrent.ThreadPoolExecutor$Worker.run(ThreadPoolExecutor.java:635)
	at java.base/java.lang.Thread.run(Thread.java:833)
... Removed 17 stack frames</div></td></tr></table><p class="totop"><a href="#summary">back to summary</a></p>
<h3 id="m3">Twarita.e2e_Selenium_TestNG_Framework.tests.SubmitOrderTest#verifyOrderPlaced</h3><table class="result"><tr class="param"><th>Parameter #1</th><th>Parameter #2</th><th>Parameter #3</th><th>Parameter #4</th></tr><tr class="param stripe"><td>testTC@mail.com</td><td>Password1!</td><td>Addas</td><td>Australia</td></tr><tr><th colspan="4">Exception</th></tr><tr><td colspan="4"><div class="stacktrace">java.lang.AssertionError: expected [true] but found [false]
	at Twarita.e2e_Selenium_TestNG_Framework.tests.SubmitOrderTest.verifyOrderPlaced(SubmitOrderTest.java:55)
	at java.base/java.util.ArrayList.forEach(ArrayList.java:1511)
	at java.base/java.util.concurrent.FutureTask.run(FutureTask.java:264)
	at java.base/java.util.concurrent.ThreadPoolExecutor.runWorker(ThreadPoolExecutor.java:1136)
	at java.base/java.util.concurrent.ThreadPoolExecutor$Worker.run(ThreadPoolExecutor.java:635)
	at java.base/java.lang.Thread.run(Thread.java:833)
... Removed 21 stack frames</div></td></tr></table><p class="totop"><a href="#summary">back to summary</a></p>
<h3 id="m4">Twarita.e2e_Selenium_TestNG_Framework.tests.SubmitOrderTest#submitOrder</h3><table class="result"><tr class="param"><th>Parameter #1</th><th>Parameter #2</th><th>Parameter #3</th><th>Parameter #4</th></tr><tr class="param stripe"><td>testTC@mail.com</td><td>Password1!</td><td>Addas</td><td>Australia</td></tr><tr><th colspan="4">Exception</th></tr><tr><td colspan="4"><div class="stacktrace">java.lang.NullPointerException: Cannot invoke &quot;org.openqa.selenium.WebElement.findElement(org.openqa.selenium.By)&quot; because the return value of &quot;Twarita.e2e_Selenium_TestNG_Framework.pageObjects.ProductCatalogue.getProduct(String)&quot; is null
	at Twarita.e2e_Selenium_TestNG_Framework.pageObjects.ProductCatalogue.addProductToCart(ProductCatalogue.java:36)
	at Twarita.e2e_Selenium_TestNG_Framework.tests.SubmitOrderTest.submitOrder(SubmitOrderTest.java:33)
	at java.base/java.util.ArrayList.forEach(ArrayList.java:1511)
	at java.base/java.util.concurrent.FutureTask.run(FutureTask.java:264)
	at java.base/java.util.concurrent.ThreadPoolExecutor.runWorker(ThreadPoolExecutor.java:1136)
	at java.base/java.util.concurrent.ThreadPoolExecutor$Worker.run(ThreadPoolExecutor.java:635)
	at java.base/java.lang.Thread.run(Thread.java:833)
... Removed 17 stack frames</div></td></tr></table><p class="totop"><a href="#summary">back to summary</a></p>
<h3 id="m5">Twarita.e2e_Selenium_TestNG_Framework.tests.SubmitOrderTest#submitOrder</h3><table class="result"><tr class="param"><th>Parameter #1</th><th>Parameter #2</th><th>Parameter #3</th><th>Parameter #4</th></tr><tr class="param stripe"><td>testT@mail.com</td><td>Password1!</td><td>Zara Coat</td><td>India</td></tr></table><p class="totop"><a href="#summary">back to summary</a></p>
<h3 id="m6">Twarita.e2e_Selenium_TestNG_Framework.tests.SubmitOrderTest#verifyOrderPlaced</h3><table class="result"><tr class="param"><th>Parameter #1</th><th>Parameter #2</th><th>Parameter #3</th><th>Parameter #4</th></tr><tr class="param stripe"><td>testT@mail.com</td><td>Password1!</td><td>Zara Coat</td><td>India</td></tr></table><p class="totop"><a href="#summary">back to summary</a></p>
</body>
</html>
